android/app/build/intermediates/manifest_merge_blame_file/release/manifest-merger-blame-release-report.txt
1<?xml version="1.0" encoding="utf-8"?>
2<manifest xmlns:android="http://schemas.android.com/apk/res/android"
3    package="com.example.rajagiri_connect"
4    android:versionCode="1"
5    android:versionName="1.0.0" >
6
7    <uses-sdk
8        android:minSdkVersion="20"
8-->src\main\AndroidManifest.xml
9        android:targetSdkVersion="31" />
9-->src\main\AndroidManifest.xml
10    <!--
11     io.flutter.app.FlutterApplication is an android.app.Application that
12         calls FlutterMain.startInitialization(this); in its onCreate method.
13         In most cases you can leave this as-is, but you if you want to provide
14         additional functionality it is fine to subclass or reimplement
15         FlutterApplication and put your custom class here.
16    -->
17    <application
18        android:name="android.app.Application"
18-->src\main\AndroidManifest.xml:9:9-42
19        android:appComponentFactory="androidx.core.app.CoreComponentFactory"
19-->[androidx.core:core:1.6.0] AndroidManifest.xml:24:18-86
20        android:icon="@mipmap/ic_launcher"
20-->src\main\AndroidManifest.xml:11:9-43
21        android:label="FlutterApplications" >
21-->src\main\AndroidManifest.xml:10:9-44
22        <activity
22-->src\main\AndroidManifest.xml:12:9-37:20
23            android:name="com.example.FlutterApplications.MainActivity"
23-->src\main\AndroidManifest.xml:13:13-41
24            android:configChanges="orientation|keyboardHidden|keyboard|screenSize|smallestScreenSize|locale|layoutDirection|fontScale|screenLayout|density|uiMode"
24-->src\main\AndroidManifest.xml:17:13-163
25            android:exported="true"
25-->src\main\AndroidManifest.xml:14:13-36
26            android:hardwareAccelerated="true"
26-->src\main\AndroidManifest.xml:18:13-47
27            android:launchMode="singleTop"
27-->src\main\AndroidManifest.xml:15:13-43
28            android:theme="@style/LaunchTheme"
28-->src\main\AndroidManifest.xml:16:13-47
29            android:windowSoftInputMode="adjustResize" >
29-->src\main\AndroidManifest.xml:19:13-55
30
31            <!--
32                 Specifies an Android theme to apply to this Activity as soon as
33                 the Android process has started. This theme is visible to the user
34                 while the Flutter UI initializes. After that, this theme continues
35                 to determine the Window background behind the Flutter UI.
36            -->
37            <meta-data
37-->src\main\AndroidManifest.xml:24:13-27:17
38                android:name="io.flutter.embedding.android.NormalTheme"
38-->src\main\AndroidManifest.xml:25:15-70
39                android:resource="@style/NormalTheme" />
39-->src\main\AndroidManifest.xml:26:15-52
40            <meta-data
40-->src\main\AndroidManifest.xml:29:13-32:17
41                android:name="io.flutter.embedding.android.SplashScreenDrawable"
41-->src\main\AndroidManifest.xml:30:15-79
42                android:resource="@drawable/launch_background" />
42-->src\main\AndroidManifest.xml:31:15-61
43
44            <intent-filter>
44-->src\main\AndroidManifest.xml:33:13-36:29
45                <action android:name="android.intent.action.MAIN" />
45-->src\main\AndroidManifest.xml:34:17-68
45-->src\main\AndroidManifest.xml:34:25-66
46
47                <category android:name="android.intent.category.LAUNCHER" />
47-->src\main\AndroidManifest.xml:35:17-76
47-->src\main\AndroidManifest.xml:35:27-74
48            </intent-filter>
49        </activity>
50        <!--
51             Don't delete the meta-data below.
52             This is used by the Flutter tool to generate GeneratedPluginRegistrant.java
53        -->
54        <meta-data
54-->src\main\AndroidManifest.xml:40:9-42:33
55            android:name="flutterEmbedding"
55-->src\main\AndroidManifest.xml:41:13-44
56            android:value="2" />
56-->src\main\AndroidManifest.xml:42:13-30
57
58        <uses-library
58-->[androidx.window:window:1.0.0-beta04] AndroidManifest.xml:25:9-27:40
59            android:name="androidx.window.extensions"
59-->[androidx.window:window:1.0.0-beta04] AndroidManifest.xml:26:13-54
60            android:required="false" />
60-->[androidx.window:window:1.0.0-beta04] AndroidManifest.xml:27:13-37
61        <uses-library
61-->[androidx.window:window:1.0.0-beta04] AndroidManifest.xml:28:9-30:40
62            android:name="androidx.window.sidecar"
62-->[androidx.window:window:1.0.0-beta04] AndroidManifest.xml:29:13-51
63            android:required="false" />
63-->[androidx.window:window:1.0.0-beta04] AndroidManifest.xml:30:13-37
64    </application>
65
66</manifest>